<?xml version="1.0" encoding="UTF-8"?>
<!-- Generated by org.testng.reporters.JUnitReportReporter -->
<testsuite skipped="0" hostname="DESKTOP-NC0PN60" name="Regression.Test1Test" tests="3" failures="0" timestamp="2022-07-15T23:46:59 IST" time="120.328" errors="0">
  <testcase name="OpenBrowser" time="27.646" classname="Regression.Test1Test"/>
  <system-out/>
  <testcase name="SecondMethod" time="92.667" classname="Regression.Test1Test"/>
  <system-out/>
  <testcase name="FourthMethod" time="0.015" classname="Regression.Test1Test"/>
  <system-out/>
</testsuite> <!-- Regression.Test1Test -->
