<?xml version="1.0" encoding="UTF-8"?>
<!-- Generated by org.testng.reporters.JUnitReportReporter -->
<testsuite skipped="0" hostname="DESKTOP-NC0PN60" name="Cross_browser_test.Test1Test" tests="4" failures="0" timestamp="2022-07-10T09:18:51 IST" time="17.695" errors="0">
  <testcase name="SecondMethod" time="0.001" classname="Cross_browser_test.Test1Test"/>
  <system-out/>
  <testcase name="ThirdMethod" time="0.001" classname="Cross_browser_test.Test1Test"/>
  <system-out/>
  <testcase name="Login" time="17.666" classname="Cross_browser_test.Test1Test"/>
  <system-out/>
  <testcase name="FourthMethod" time="0.027" classname="Cross_browser_test.Test1Test"/>
  <system-out/>
</testsuite> <!-- Cross_browser_test.Test1Test -->
