<?xml version="1.0" encoding="UTF-8"?>
<!-- Generated by org.testng.reporters.JUnitReportReporter -->
<testsuite skipped="0" hostname="DESKTOP-NC0PN60" name="testcases.Test1Test" tests="4" failures="0" timestamp="2022-07-10T09:18:51 IST" time="8.929" errors="0">
  <testcase name="ThirdMethod" time="0.004" classname="testcases.Test1Test"/>
  <system-out/>
  <testcase name="OpenBrowser" time="8.916" classname="testcases.Test1Test"/>
  <system-out/>
  <testcase name="SecondMethod" time="0.001" classname="testcases.Test1Test"/>
  <system-out/>
  <testcase name="FourthMethod" time="0.008" classname="testcases.Test1Test"/>
  <system-out/>
</testsuite> <!-- testcases.Test1Test -->
